#
# There is insufficient memory for the Java Runtime Environment to continue.
# Native memory allocation (malloc) failed to allocate 71827456 bytes for committing reserved memory.
# Possible reasons:
#   The system is out of physical RAM or swap space
#   In 32 bit mode, the process size limit was hit
# Possible solutions:
#   Reduce memory load on the system
#   Increase physical memory or swap space
#   Check if swap backing store is full
#   Use 64 bit Java on a 64 bit OS
#   Decrease Java heap size (-Xmx/-Xms)
#   Decrease number of Java threads
#   Decrease Java thread stack sizes (-Xss)
#   Set larger code cache with -XX:ReservedCodeCacheSize=
# This output file may be truncated or incomplete.
#
#  Out of Memory Error (os_linux.cpp:2827), pid=6807, tid=139972050929408
#
# JRE version: OpenJDK Runtime Environment (7.0_85-b01) (build 1.7.0_85-b01)
# Java VM: OpenJDK 64-Bit Server VM (24.85-b03 mixed mode linux-amd64 compressed oops)
# Derivative: IcedTea 2.6.1
# Distribution: Ubuntu 14.04 LTS, package 7u85-2.6.1-5ubuntu0.14.04.1
# Failed to write core dump. Core dumps have been disabled. To enable core dumping, try "ulimit -c unlimited" before starting Java again
#

---------------  T H R E A D  ---------------

Current thread (0x00007f4dd4076000):  VMThread [stack: 0x00007f4dc84fc000,0x00007f4dc85fd000] [id=6817]

Stack: [0x00007f4dc84fc000,0x00007f4dc85fd000],  sp=0x00007f4dc85fb490,  free space=1021k
Native frames: (J=compiled Java code, j=interpreted, Vv=VM code, C=native code)
V  [libjvm.so+0x953d45]  VMError::report_and_die()+0x175
V  [libjvm.so+0x48fd24]  report_vm_out_of_memory(char const*, int, unsigned long, char const*)+0x74
V  [libjvm.so+0x7cf91b]  os::pd_commit_memory(char*, unsigned long, unsigned long, bool)+0xeb
V  [libjvm.so+0x7ca3df]  os::commit_memory(char*, unsigned long, unsigned long, bool)+0x1f
V  [libjvm.so+0x83db6b]  PSVirtualSpace::expand_by(unsigned long)+0x5b
V  [libjvm.so+0x83e9d0]  PSYoungGen::resize_generation(unsigned long, unsigned long)+0xb0
V  [libjvm.so+0x83f0bb]  PSYoungGen::resize(unsigned long, unsigned long)+0x1b
V  [libjvm.so+0x83b2f8]  PSScavenge::invoke_no_policy()+0xd68
V  [libjvm.so+0x83bb68]  PSScavenge::invoke()+0x38
V  [libjvm.so+0x7f2123]  ParallelScavengeHeap::failed_mem_allocate(unsigned long)+0x63
V  [libjvm.so+0x955744]  VM_ParallelGCFailedAllocation::doit()+0x84
V  [libjvm.so+0x959847]  VM_Operation::evaluate()+0x47
V  [libjvm.so+0x958308]  VMThread::evaluate_operation(VM_Operation*)+0x318
V  [libjvm.so+0x958769]  VMThread::loop()+0x219
V  [libjvm.so+0x958bb2]  VMThread::run()+0x72
V  [libjvm.so+0x7cc7e2]  java_start(Thread*)+0xf2

VM_Operation (0x00007f4ddad13cb0): ParallelGCFailedAllocation, mode: safepoint, requested by thread 0x00007f4dd400a800


---------------  P R O C E S S  ---------------

Java Threads: ( => current thread )
  0x00007f4dd40b0800 JavaThread "Service Thread" daemon [_thread_blocked, id=6823, stack(0x00007f4dc371c000,0x00007f4dc381d000)]
  0x00007f4dd40ae000 JavaThread "C2 CompilerThread1" daemon [_thread_blocked, id=6822, stack(0x00007f4dc381d000,0x00007f4dc391e000)]
  0x00007f4dd40ab000 JavaThread "C2 CompilerThread0" daemon [_thread_blocked, id=6821, stack(0x00007f4dc80f8000,0x00007f4dc81f9000)]
  0x00007f4dd40a9000 JavaThread "Signal Dispatcher" daemon [_thread_blocked, id=6820, stack(0x00007f4dc81f9000,0x00007f4dc82fa000)]
  0x00007f4dd407c000 JavaThread "Finalizer" daemon [_thread_blocked, id=6819, stack(0x00007f4dc82fa000,0x00007f4dc83fb000)]
  0x00007f4dd407a000 JavaThread "Reference Handler" daemon [_thread_blocked, id=6818, stack(0x00007f4dc83fb000,0x00007f4dc84fc000)]
  0x00007f4dd400a800 JavaThread "main" [_thread_blocked, id=6812, stack(0x00007f4ddac15000,0x00007f4ddad16000)]

Other Threads:
=>0x00007f4dd4076000 VMThread [stack: 0x00007f4dc84fc000,0x00007f4dc85fd000] [id=6817]
  0x00007f4dd40bb000 WatcherThread [stack: 0x00007f4dc361b000,0x00007f4dc371c000] [id=6824]

VM state:at safepoint (normal execution)

VM Mutex/Monitor currently owned by a thread:  ([mutex/lock_event])
[0x00007f4dd40068f0] Threads_lock - owner thread: 0x00007f4dd4076000
[0x00007f4dd4006df0] Heap_lock - owner thread: 0x00007f4dd400a800

Heap
 PSYoungGen      total 174592K, used 54243K [0x00000000eaa80000, 0x00000000f9880000, 0x0000000100000000)
  eden space 120320K, 0% used [0x00000000eaa80000,0x00000000eaa80000,0x00000000f2000000)
  from space 54272K, 99% used [0x00000000f2000000,0x00000000f54f8fe0,0x00000000f5500000)
  to   space 37888K, 0% used [0x00000000f5500000,0x00000000f5500000,0x00000000f7a00000)
 ParOldGen       total 102912K, used 102045K [0x00000000c0000000, 0x00000000c6480000, 0x00000000eaa80000)
  object space 102912K, 99% used [0x00000000c0000000,0x00000000c63a7488,0x00000000c6480000)
 PSPermGen       total 21504K, used 5797K [0x00000000b5a00000, 0x00000000b6f00000, 0x00000000c0000000)
  object space 21504K, 26% used [0x00000000b5a00000,0x00000000b5fa95b8,0x00000000b6f00000)

Card table byte_map: [0x00007f4dd0571000,0x00007f4dd07c5000] byte_map_base: 0x00007f4dcffc4000

Polling page: 0x00007f4ddad36000

Code Cache  [0x00007f4dd07c5000, 0x00007f4dd0a45000, 0x00007f4dd37c5000)
 total_blobs=815 nmethods=587 adapters=181 free_code_cache=46768Kb largest_free_block=47773952

Compilation events (10 events):
Event: 50.635 Thread 0x00007f4dd40ae000 nmethod 639 0x00007f4dd08cfd50 code [0x00007f4dd08cfea0, 0x00007f4dd08d0098]
Event: 50.636 Thread 0x00007f4dd40ae000  640             com.android.dx.rop.code.RegisterSpecList::getType (12 bytes)
Event: 50.637 Thread 0x00007f4dd40ae000 nmethod 640 0x00007f4dd09475d0 code [0x00007f4dd0947720, 0x00007f4dd0947818]
Event: 50.637 Thread 0x00007f4dd40ae000  641   !         com.android.dx.cf.code.RopperMachine::run (1550 bytes)
Event: 50.703 Thread 0x00007f4dd40ab000 nmethod 634 0x00007f4dd0a158d0 code [0x00007f4dd0a174e0, 0x00007f4dd0a200b0]
Event: 50.703 Thread 0x00007f4dd40ab000  642             com.android.dx.rop.code.Rop::<init> (15 bytes)
Event: 50.704 Thread 0x00007f4dd40ab000 nmethod 642 0x00007f4dd08da2d0 code [0x00007f4dd08da420, 0x00007f4dd08da538]
Event: 50.704 Thread 0x00007f4dd40ab000  643             com.android.dx.rop.code.Rops::opMoveResultPseudo (23 bytes)
Event: 50.706 Thread 0x00007f4dd40ab000 nmethod 643 0x00007f4dd0950a50 code [0x00007f4dd0950bc0, 0x00007f4dd0950d58]
Event: 50.911 Thread 0x00007f4dd40ae000 nmethod 641 0x00007f4dd0a2a4d0 code [0x00007f4dd0a2ac00, 0x00007f4dd0a2f4c8]

GC Heap History (10 events):
Event: 43.063 GC heap after
Heap after GC invocations=7 (full 2):
 PSYoungGen      total 66048K, used 2553K [0x00000000eaa80000, 0x00000000f3c80000, 0x0000000100000000)
  eden space 63488K, 0% used [0x00000000eaa80000,0x00000000eaa80000,0x00000000ee880000)
  from space 2560K, 99% used [0x00000000ee880000,0x00000000eeafe608,0x00000000eeb00000)
  to   space 25088K, 0% used [0x00000000f2400000,0x00000000f2400000,0x00000000f3c80000)
 ParOldGen       total 88576K, used 49937K [0x00000000c0000000, 0x00000000c5680000, 0x00000000eaa80000)
  object space 88576K, 56% used [0x00000000c0000000,0x00000000c30c4600,0x00000000c5680000)
 PSPermGen       total 21504K, used 5754K [0x00000000b5a00000, 0x00000000b6f00000, 0x00000000c0000000)
  object space 21504K, 26% used [0x00000000b5a00000,0x00000000b5f9e858,0x00000000b6f00000)
}
Event: 45.406 GC heap before
{Heap before GC invocations=8 (full 2):
 PSYoungGen      total 66048K, used 66041K [0x00000000eaa80000, 0x00000000f3c80000, 0x0000000100000000)
  eden space 63488K, 100% used [0x00000000eaa80000,0x00000000ee880000,0x00000000ee880000)
  from space 2560K, 99% used [0x00000000ee880000,0x00000000eeafe608,0x00000000eeb00000)
  to   space 25088K, 0% used [0x00000000f2400000,0x00000000f2400000,0x00000000f3c80000)
 ParOldGen       total 88576K, used 49937K [0x00000000c0000000, 0x00000000c5680000, 0x00000000eaa80000)
  object space 88576K, 56% used [0x00000000c0000000,0x00000000c30c4600,0x00000000c5680000)
 PSPermGen       total 21504K, used 5782K [0x00000000b5a00000, 0x00000000b6f00000, 0x00000000c0000000)
  object space 21504K, 26% used [0x00000000b5a00000,0x00000000b5fa5950,0x00000000b6f00000)
Event: 45.682 GC heap after
Heap after GC invocations=8 (full 2):
 PSYoungGen      total 110592K, used 25058K [0x00000000eaa80000, 0x00000000f5800000, 0x0000000100000000)
  eden space 85504K, 0% used [0x00000000eaa80000,0x00000000eaa80000,0x00000000efe00000)
  from space 25088K, 99% used [0x00000000f2400000,0x00000000f3c789f8,0x00000000f3c80000)
  to   space 38912K, 0% used [0x00000000efe00000,0x00000000efe00000,0x00000000f2400000)
 ParOldGen       total 88576K, used 65501K [0x00000000c0000000, 0x00000000c5680000, 0x00000000eaa80000)
  object space 88576K, 73% used [0x00000000c0000000,0x00000000c3ff77b8,0x00000000c5680000)
 PSPermGen       total 21504K, used 5782K [0x00000000b5a00000, 0x00000000b6f00000, 0x00000000c0000000)
  object space 21504K, 26% used [0x00000000b5a00000,0x00000000b5fa5950,0x00000000b6f00000)
}
Event: 45.682 GC heap before
{Heap before GC invocations=9 (full 3):
 PSYoungGen      total 110592K, used 25058K [0x00000000eaa80000, 0x00000000f5800000, 0x0000000100000000)
  eden space 85504K, 0% used [0x00000000eaa80000,0x00000000eaa80000,0x00000000efe00000)
  from space 25088K, 99% used [0x00000000f2400000,0x00000000f3c789f8,0x00000000f3c80000)
  to   space 38912K, 0% used [0x00000000efe00000,0x00000000efe00000,0x00000000f2400000)
 ParOldGen       total 88576K, used 65501K [0x00000000c0000000, 0x00000000c5680000, 0x00000000eaa80000)
  object space 88576K, 73% used [0x00000000c0000000,0x00000000c3ff77b8,0x00000000c5680000)
 PSPermGen       total 21504K, used 5782K [0x00000000b5a00000, 0x00000000b6f00000, 0x00000000c0000000)
  object space 21504K, 26% used [0x00000000b5a00000,0x00000000b5fa5950,0x00000000b6f00000)
Event: 46.082 GC heap after
Heap after GC invocations=9 (full 3):
 PSYoungGen      total 110592K, used 0K [0x00000000eaa80000, 0x00000000f5800000, 0x0000000100000000)
  eden space 85504K, 0% used [0x00000000eaa80000,0x00000000eaa80000,0x00000000efe00000)
  from space 25088K, 0% used [0x00000000f2400000,0x00000000f2400000,0x00000000f3c80000)
  to   space 38912K, 0% used [0x00000000efe00000,0x00000000efe00000,0x00000000f2400000)
 ParOldGen       total 99840K, used 48213K [0x00000000c0000000, 0x00000000c6180000, 0x00000000eaa80000)
  object space 99840K, 48% used [0x00000000c0000000,0x00000000c2f156e0,0x00000000c6180000)
 PSPermGen       total 21504K, used 5781K [0x00000000b5a00000, 0x00000000b6f00000, 0x00000000c0000000)
  object space 21504K, 26% used [0x00000000b5a00000,0x00000000b5fa5730,0x00000000b6f00000)
}
Event: 48.759 GC heap before
{Heap before GC invocations=10 (full 3):
 PSYoungGen      total 110592K, used 85504K [0x00000000eaa80000, 0x00000000f5800000, 0x0000000100000000)
  eden space 85504K, 100% used [0x00000000eaa80000,0x00000000efe00000,0x00000000efe00000)
  from space 25088K, 0% used [0x00000000f2400000,0x00000000f2400000,0x00000000f3c80000)
  to   space 38912K, 0% used [0x00000000efe00000,0x00000000efe00000,0x00000000f2400000)
 ParOldGen       total 99840K, used 48213K [0x00000000c0000000, 0x00000000c6180000, 0x00000000eaa80000)
  object space 99840K, 48% used [0x00000000c0000000,0x00000000c2f156e0,0x00000000c6180000)
 PSPermGen       total 21504K, used 5787K [0x00000000b5a00000, 0x00000000b6f00000, 0x00000000c0000000)
  object space 21504K, 26% used [0x00000000b5a00000,0x00000000b5fa6c08,0x00000000b6f00000)
Event: 48.878 GC heap after
Heap after GC invocations=10 (full 3):
 PSYoungGen      total 124416K, used 21831K [0x00000000eaa80000, 0x00000000f7a00000, 0x0000000100000000)
  eden space 85504K, 0% used [0x00000000eaa80000,0x00000000eaa80000,0x00000000efe00000)
  from space 38912K, 56% used [0x00000000efe00000,0x00000000f1351c38,0x00000000f2400000)
  to   space 37888K, 0% used [0x00000000f5500000,0x00000000f5500000,0x00000000f7a00000)
 ParOldGen       total 99840K, used 48213K [0x00000000c0000000, 0x00000000c6180000, 0x00000000eaa80000)
  object space 99840K, 48% used [0x00000000c0000000,0x00000000c2f156e0,0x00000000c6180000)
 PSPermGen       total 21504K, used 5787K [0x00000000b5a00000, 0x00000000b6f00000, 0x00000000c0000000)
  object space 21504K, 26% used [0x00000000b5a00000,0x00000000b5fa6c08,0x00000000b6f00000)
}
Event: 49.345 GC heap before
{Heap before GC invocations=11 (full 3):
 PSYoungGen      total 124416K, used 107335K [0x00000000eaa80000, 0x00000000f7a00000, 0x0000000100000000)
  eden space 85504K, 100% used [0x00000000eaa80000,0x00000000efe00000,0x00000000efe00000)
  from space 38912K, 56% used [0x00000000efe00000,0x00000000f1351c38,0x00000000f2400000)
  to   space 37888K, 0% used [0x00000000f5500000,0x00000000f5500000,0x00000000f7a00000)
 ParOldGen       total 99840K, used 48213K [0x00000000c0000000, 0x00000000c6180000, 0x00000000eaa80000)
  object space 99840K, 48% used [0x00000000c0000000,0x00000000c2f156e0,0x00000000c6180000)
 PSPermGen       total 21504K, used 5787K [0x00000000b5a00000, 0x00000000b6f00000, 0x00000000c0000000)
  object space 21504K, 26% used [0x00000000b5a00000,0x00000000b5fa6de8,0x00000000b6f00000)
Event: 49.422 GC heap after
Heap after GC invocations=11 (full 3):
 PSYoungGen      total 158208K, used 37868K [0x00000000eaa80000, 0x00000000f9880000, 0x0000000100000000)
  eden space 120320K, 0% used [0x00000000eaa80000,0x00000000eaa80000,0x00000000f2000000)
  from space 37888K, 99% used [0x00000000f5500000,0x00000000f79fb360,0x00000000f7a00000)
  to   space 54272K, 0% used [0x00000000f2000000,0x00000000f2000000,0x00000000f5500000)
 ParOldGen       total 99840K, used 71102K [0x00000000c0000000, 0x00000000c6180000, 0x00000000eaa80000)
  object space 99840K, 71% used [0x00000000c0000000,0x00000000c456fa78,0x00000000c6180000)
 PSPermGen       total 21504K, used 5787K [0x00000000b5a00000, 0x00000000b6f00000, 0x00000000c0000000)
  object space 21504K, 26% used [0x00000000b5a00000,0x00000000b5fa6de8,0x00000000b6f00000)
}
Event: 51.713 GC heap before
{Heap before GC invocations=12 (full 3):
 PSYoungGen      total 158208K, used 158188K [0x00000000eaa80000, 0x00000000f9880000, 0x0000000100000000)
  eden space 120320K, 100% used [0x00000000eaa80000,0x00000000f2000000,0x00000000f2000000)
  from space 37888K, 99% used [0x00000000f5500000,0x00000000f79fb360,0x00000000f7a00000)
  to   space 54272K, 0% used [0x00000000f2000000,0x00000000f2000000,0x00000000f5500000)
 ParOldGen       total 99840K, used 71102K [0x00000000c0000000, 0x00000000c6180000, 0x00000000eaa80000)
  object space 99840K, 71% used [0x00000000c0000000,0x00000000c456fa78,0x00000000c6180000)
 PSPermGen       total 21504K, used 5797K [0x00000000b5a00000, 0x00000000b6f00000, 0x00000000c0000000)
  object space 21504K, 26% used [0x00000000b5a00000,0x00000000b5fa95b8,0x00000000b6f00000)

Deoptimization events (10 events):
Event: 49.887 Thread 0x00007f4dd400a800 Uncommon trap: reason=bimorphic action=maybe_recompile pc=0x00007f4dd08ccaf4 method=com.android.dx.ssa.SCCP.simulatePhi(Lcom/android/dx/ssa/PhiInsn;)V @ 124
Event: 49.887 Thread 0x00007f4dd400a800 Uncommon trap: reason=class_check action=maybe_recompile pc=0x00007f4dd08b88e8 method=com.android.dx.ssa.SCCP.replaceConstants()V @ 81
Event: 49.923 Thread 0x00007f4dd400a800 Uncommon trap: reason=class_check action=maybe_recompile pc=0x00007f4dd08b88e8 method=com.android.dx.ssa.SCCP.replaceConstants()V @ 81
Event: 49.940 Thread 0x00007f4dd400a800 Uncommon trap: reason=class_check action=maybe_recompile pc=0x00007f4dd08b88e8 method=com.android.dx.ssa.SCCP.replaceConstants()V @ 81
Event: 49.942 Thread 0x00007f4dd400a800 Uncommon trap: reason=bimorphic action=maybe_recompile pc=0x00007f4dd09f7580 method=com.android.dx.ssa.SCCP.simulatePhi(Lcom/android/dx/ssa/PhiInsn;)V @ 124
Event: 50.090 Thread 0x00007f4dd400a800 Uncommon trap: reason=unstable_if action=reinterpret pc=0x00007f4dd08d6a50 method=com.android.dx.cf.code.Merger.mergeType(Lcom/android/dx/rop/type/TypeBearer;Lcom/android/dx/rop/type/TypeBearer;)Lcom/android/dx/rop/type/TypeBearer; @ 15
Event: 50.102 Thread 0x00007f4dd400a800 Uncommon trap: reason=bimorphic action=maybe_recompile pc=0x00007f4dd09dad50 method=com.android.dx.cf.code.BytecodeArray.parseInstruction(ILcom/android/dx/cf/code/BytecodeArray$Visitor;)I @ 1161
Event: 50.103 Thread 0x00007f4dd400a800 Uncommon trap: reason=unstable_if action=reinterpret pc=0x00007f4dd093ca10 method=com.android.dx.cf.code.Merger.mergeType(Lcom/android/dx/rop/type/TypeBearer;Lcom/android/dx/rop/type/TypeBearer;)Lcom/android/dx/rop/type/TypeBearer; @ 15
Event: 50.103 Thread 0x00007f4dd400a800 Uncommon trap: reason=bimorphic action=maybe_recompile pc=0x00007f4dd09dad50 method=com.android.dx.cf.code.BytecodeArray.parseInstruction(ILcom/android/dx/cf/code/BytecodeArray$Visitor;)I @ 1161
Event: 51.388 Thread 0x00007f4dd400a800 Uncommon trap: reason=class_check action=maybe_recompile pc=0x00007f4dd0890488 method=com.android.dx.ssa.SsaConverter.placePhiFunctions(Lcom/android/dx/ssa/SsaMethod;Lcom/android/dx/ssa/LocalVariableInfo;I)V @ 257

Internal exceptions (10 events):
Event: 1.964 Thread 0x00007f4dd400a800 Threw 0x00000000eb3c9900 at /build/openjdk-7-65SuYz/openjdk-7-7u85-2.6.1/build/openjdk/hotspot/src/share/vm/prims/jvm.cpp:1322
Event: 4.519 Thread 0x00007f4dd400a800 Threw 0x00000000eb4075f0 at /build/openjdk-7-65SuYz/openjdk-7-7u85-2.6.1/build/openjdk/hotspot/src/share/vm/prims/jvm.cpp:1322
Event: 4.521 Thread 0x00007f4dd400a800 Threw 0x00000000eb40cf90 at /build/openjdk-7-65SuYz/openjdk-7-7u85-2.6.1/build/openjdk/hotspot/src/share/vm/prims/jvm.cpp:1322
Event: 15.742 Thread 0x00007f4dd400a800 Threw 0x00000000eb009970 at /build/openjdk-7-65SuYz/openjdk-7-7u85-2.6.1/build/openjdk/hotspot/src/share/vm/prims/jvm.cpp:1322
Event: 15.909 Thread 0x00007f4dd400a800 Implicit null exception at 0x00007f4dd0845512 to 0x00007f4dd0845603
Event: 22.861 Thread 0x00007f4dd400a800 Threw 0x00000000ec12a408 at /build/openjdk-7-65SuYz/openjdk-7-7u85-2.6.1/build/openjdk/hotspot/src/share/vm/prims/jvm.cpp:1322
Event: 22.889 Thread 0x00007f4dd400a800 Threw 0x00000000ec209ce0 at /build/openjdk-7-65SuYz/openjdk-7-7u85-2.6.1/build/openjdk/hotspot/src/share/vm/prims/jvm.cpp:1322
Event: 22.923 Thread 0x00007f4dd400a800 Threw 0x00000000ec40ad88 at /build/openjdk-7-65SuYz/openjdk-7-7u85-2.6.1/build/openjdk/hotspot/src/share/vm/prims/jvm.cpp:1322
Event: 43.366 Thread 0x00007f4dd400a800 Threw 0x00000000eaf0e8c0 at /build/openjdk-7-65SuYz/openjdk-7-7u85-2.6.1/build/openjdk/hotspot/src/share/vm/prims/jvm.cpp:1322
Event: 46.961 Thread 0x00007f4dd400a800 Implicit null exception at 0x00007f4dd092d5c0 to 0x00007f4dd0931111

Events (10 events):
Event: 50.103 Thread 0x00007f4dd400a800 Uncommon trap: trap_request=0xffffff75 fr.pc=0x00007f4dd093ca10
Event: 50.103 Thread 0x00007f4dd400a800 DEOPT PACKING pc=0x00007f4dd093ca10 sp=0x00007f4ddad13cf0
Event: 50.103 Thread 0x00007f4dd400a800 DEOPT UNPACKING pc=0x00007f4dd07fe445 sp=0x00007f4ddad13cb0 mode 2
Event: 50.103 Thread 0x00007f4dd400a800 Uncommon trap: trap_request=0xffffffc6 fr.pc=0x00007f4dd09dad50
Event: 50.103 Thread 0x00007f4dd400a800 DEOPT PACKING pc=0x00007f4dd09dad50 sp=0x00007f4ddad13ce0
Event: 50.103 Thread 0x00007f4dd400a800 DEOPT UNPACKING pc=0x00007f4dd07fe445 sp=0x00007f4ddad13ca8 mode 2
Event: 51.388 Thread 0x00007f4dd400a800 Uncommon trap: trap_request=0xffffffde fr.pc=0x00007f4dd0890488
Event: 51.388 Thread 0x00007f4dd400a800 DEOPT PACKING pc=0x00007f4dd0890488 sp=0x00007f4ddad13f10
Event: 51.388 Thread 0x00007f4dd400a800 DEOPT UNPACKING pc=0x00007f4dd07fe445 sp=0x00007f4ddad13ec0 mode 2
Event: 51.713 Executing VM operation: ParallelGCFailedAllocation


Dynamic libraries:
00400000-00401000 r-xp 00000000 08:06 1186177                            /usr/lib/jvm/java-7-openjdk-amd64/jre/bin/java
00600000-00601000 r--p 00000000 08:06 1186177                            /usr/lib/jvm/java-7-openjdk-amd64/jre/bin/java
00601000-00602000 rw-p 00001000 08:06 1186177                            /usr/lib/jvm/java-7-openjdk-amd64/jre/bin/java
00e73000-00e94000 rw-p 00000000 00:00 0                                  [heap]
b5a00000-b6f00000 rw-p 00000000 00:00 0 
b6f00000-c0000000 rw-p 00000000 00:00 0 
c0000000-c6480000 rw-p 00000000 00:00 0 
c6480000-eaa80000 rw-p 00000000 00:00 0 
eaa80000-f9880000 rw-p 00000000 00:00 0 
fdd00000-100000000 rw-p 00000000 00:00 0 
7f4d94000000-7f4d94021000 rw-p 00000000 00:00 0 
7f4d94021000-7f4d98000000 ---p 00000000 00:00 0 
7f4d98000000-7f4d98021000 rw-p 00000000 00:00 0 
7f4d98021000-7f4d9c000000 ---p 00000000 00:00 0 
7f4d9c000000-7f4d9d1a1000 rw-p 00000000 00:00 0 
7f4d9d1a1000-7f4da0000000 ---p 00000000 00:00 0 
7f4da0000000-7f4da0eb7000 rw-p 00000000 00:00 0 
7f4da0eb7000-7f4da4000000 ---p 00000000 00:00 0 
7f4da4000000-7f4da4021000 rw-p 00000000 00:00 0 
7f4da4021000-7f4da8000000 ---p 00000000 00:00 0 
7f4da8000000-7f4da8021000 rw-p 00000000 00:00 0 
7f4da8021000-7f4dac000000 ---p 00000000 00:00 0 
7f4dac000000-7f4dac242000 rw-p 00000000 00:00 0 
7f4dac242000-7f4db0000000 ---p 00000000 00:00 0 
7f4db0000000-7f4db0021000 rw-p 00000000 00:00 0 
7f4db0021000-7f4db4000000 ---p 00000000 00:00 0 
7f4db4000000-7f4db4021000 rw-p 00000000 00:00 0 
7f4db4021000-7f4db8000000 ---p 00000000 00:00 0 
7f4dbc000000-7f4dbc021000 rw-p 00000000 00:00 0 
7f4dbc021000-7f4dc0000000 ---p 00000000 00:00 0 
7f4dc1e9d000-7f4dc1eda000 r-xp 00000000 08:06 1051355                    /lib/x86_64-linux-gnu/libpcre.so.3.13.1
7f4dc1eda000-7f4dc20d9000 ---p 0003d000 08:06 1051355                    /lib/x86_64-linux-gnu/libpcre.so.3.13.1
7f4dc20d9000-7f4dc20da000 r--p 0003c000 08:06 1051355                    /lib/x86_64-linux-gnu/libpcre.so.3.13.1
7f4dc20da000-7f4dc20db000 rw-p 0003d000 08:06 1051355                    /lib/x86_64-linux-gnu/libpcre.so.3.13.1
7f4dc20db000-7f4dc20e2000 r-xp 00000000 08:06 937937                     /usr/lib/x86_64-linux-gnu/libffi.so.6.0.1
7f4dc20e2000-7f4dc22e1000 ---p 00007000 08:06 937937                     /usr/lib/x86_64-linux-gnu/libffi.so.6.0.1
7f4dc22e1000-7f4dc22e2000 r--p 00006000 08:06 937937                     /usr/lib/x86_64-linux-gnu/libffi.so.6.0.1
7f4dc22e2000-7f4dc22e3000 rw-p 00007000 08:06 937937                     /usr/lib/x86_64-linux-gnu/libffi.so.6.0.1
7f4dc22e3000-7f4dc22fa000 r-xp 00000000 08:06 1051378                    /lib/x86_64-linux-gnu/libresolv-2.19.so
7f4dc22fa000-7f4dc24fa000 ---p 00017000 08:06 1051378                    /lib/x86_64-linux-gnu/libresolv-2.19.so
7f4dc24fa000-7f4dc24fb000 r--p 00017000 08:06 1051378                    /lib/x86_64-linux-gnu/libresolv-2.19.so
7f4dc24fb000-7f4dc24fc000 rw-p 00018000 08:06 1051378                    /lib/x86_64-linux-gnu/libresolv-2.19.so
7f4dc24fc000-7f4dc24fe000 rw-p 00000000 00:00 0 
7f4dc24fe000-7f4dc251e000 r-xp 00000000 08:06 1051382                    /lib/x86_64-linux-gnu/libselinux.so.1
7f4dc251e000-7f4dc271d000 ---p 00020000 08:06 1051382                    /lib/x86_64-linux-gnu/libselinux.so.1
7f4dc271d000-7f4dc271e000 r--p 0001f000 08:06 1051382                    /lib/x86_64-linux-gnu/libselinux.so.1
7f4dc271e000-7f4dc271f000 rw-p 00020000 08:06 1051382                    /lib/x86_64-linux-gnu/libselinux.so.1
7f4dc271f000-7f4dc2721000 rw-p 00000000 00:00 0 
7f4dc2721000-7f4dc2724000 r-xp 00000000 08:06 927083                     /usr/lib/x86_64-linux-gnu/libgmodule-2.0.so.0.4002.0
7f4dc2724000-7f4dc2923000 ---p 00003000 08:06 927083                     /usr/lib/x86_64-linux-gnu/libgmodule-2.0.so.0.4002.0
7f4dc2923000-7f4dc2924000 r--p 00002000 08:06 927083                     /usr/lib/x86_64-linux-gnu/libgmodule-2.0.so.0.4002.0
7f4dc2924000-7f4dc2925000 rw-p 00003000 08:06 927083                     /usr/lib/x86_64-linux-gnu/libgmodule-2.0.so.0.4002.0
7f4dc2925000-7f4dc2a2b000 r-xp 00000000 08:06 1051283                    /lib/x86_64-linux-gnu/libglib-2.0.so.0.4002.0
7f4dc2a2b000-7f4dc2c2a000 ---p 00106000 08:06 1051283                    /lib/x86_64-linux-gnu/libglib-2.0.so.0.4002.0
7f4dc2c2a000-7f4dc2c2b000 r--p 00105000 08:06 1051283                    /lib/x86_64-linux-gnu/libglib-2.0.so.0.4002.0
7f4dc2c2b000-7f4dc2c2c000 rw-p 00106000 08:06 1051283                    /lib/x86_64-linux-gnu/libglib-2.0.so.0.4002.0
7f4dc2c2c000-7f4dc2c2d000 rw-p 00000000 00:00 0 
7f4dc2c2d000-7f4dc2c7c000 r-xp 00000000 08:06 927099                     /usr/lib/x86_64-linux-gnu/libgobject-2.0.so.0.4002.0
7f4dc2c7c000-7f4dc2e7c000 ---p 0004f000 08:06 927099                     /usr/lib/x86_64-linux-gnu/libgobject-2.0.so.0.4002.0
7f4dc2e7c000-7f4dc2e7d000 r--p 0004f000 08:06 927099                     /usr/lib/x86_64-linux-gnu/libgobject-2.0.so.0.4002.0
7f4dc2e7d000-7f4dc2e7e000 rw-p 00050000 08:06 927099                     /usr/lib/x86_64-linux-gnu/libgobject-2.0.so.0.4002.0
7f4dc2e7e000-7f4dc2fea000 r-xp 00000000 08:06 927071                     /usr/lib/x86_64-linux-gnu/libgio-2.0.so.0.4002.0
7f4dc2fea000-7f4dc31e9000 ---p 0016c000 08:06 927071                     /usr/lib/x86_64-linux-gnu/libgio-2.0.so.0.4002.0
7f4dc31e9000-7f4dc31ed000 r--p 0016b000 08:06 927071                     /usr/lib/x86_64-linux-gnu/libgio-2.0.so.0.4002.0
7f4dc31ed000-7f4dc31ef000 rw-p 0016f000 08:06 927071                     /usr/lib/x86_64-linux-gnu/libgio-2.0.so.0.4002.0
7f4dc31ef000-7f4dc31f1000 rw-p 00000000 00:00 0 
7f4dc31f1000-7f4dc3208000 r-xp 00000000 08:06 1186240                    /usr/lib/jvm/java-7-openjdk-amd64/jre/lib/amd64/libnet.so
7f4dc3208000-7f4dc3407000 ---p 00017000 08:06 1186240                    /usr/lib/jvm/java-7-openjdk-amd64/jre/lib/amd64/libnet.so
7f4dc3407000-7f4dc3408000 r--p 00016000 08:06 1186240                    /usr/lib/jvm/java-7-openjdk-amd64/jre/lib/amd64/libnet.so
7f4dc3408000-7f4dc3409000 rw-p 00017000 08:06 1186240                    /usr/lib/jvm/java-7-openjdk-amd64/jre/lib/amd64/libnet.so
7f4dc3409000-7f4dc3419000 r-xp 00000000 08:06 1186207                    /usr/lib/jvm/java-7-openjdk-amd64/jre/lib/amd64/libnio.so
7f4dc3419000-7f4dc3619000 ---p 00010000 08:06 1186207                    /usr/lib/jvm/java-7-openjdk-amd64/jre/lib/amd64/libnio.so
7f4dc3619000-7f4dc361a000 r--p 00010000 08:06 1186207                    /usr/lib/jvm/java-7-openjdk-amd64/jre/lib/amd64/libnio.so
7f4dc361a000-7f4dc361b000 rw-p 00011000 08:06 1186207                    /usr/lib/jvm/java-7-openjdk-amd64/jre/lib/amd64/libnio.so
7f4dc361b000-7f4dc361c000 ---p 00000000 00:00 0 
7f4dc361c000-7f4dc371c000 rw-p 00000000 00:00 0                          [stack:6824]
7f4dc371c000-7f4dc371f000 ---p 00000000 00:00 0 
7f4dc371f000-7f4dc381d000 rw-p 00000000 00:00 0                          [stack:6823]
7f4dc381d000-7f4dc3820000 ---p 00000000 00:00 0 
7f4dc3820000-7f4dc391e000 rw-p 00000000 00:00 0                          [stack:6822]
7f4dc391e000-7f4dc4000000 r--p 00000000 08:06 924181                     /usr/lib/locale/locale-archive
7f4dc4000000-7f4dc4021000 rw-p 00000000 00:00 0 
7f4dc4021000-7f4dc8000000 ---p 00000000 00:00 0 
7f4dc80a0000-7f4dc80d1000 rw-p 00000000 00:00 0 
7f4dc80ed000-7f4dc80f8000 r--s 0007a000 08:06 1065586                    /home/arcks/Documents/moovo/app/build/intermediates/exploded-aar/com.google.android.gms/play-services-analytics/7.8.0/jars/classes.jar
7f4dc80f8000-7f4dc80fb000 ---p 00000000 00:00 0 
7f4dc80fb000-7f4dc81f9000 rw-p 00000000 00:00 0                          [stack:6821]
7f4dc81f9000-7f4dc81fc000 ---p 00000000 00:00 0 
7f4dc81fc000-7f4dc82fa000 rw-p 00000000 00:00 0                          [stack:6820]
7f4dc82fa000-7f4dc82fd000 ---p 00000000 00:00 0 
7f4dc82fd000-7f4dc83fb000 rw-p 00000000 00:00 0                          [stack:6819]
7f4dc83fb000-7f4dc83fe000 ---p 00000000 00:00 0 
7f4dc83fe000-7f4dc84fc000 rw-p 00000000 00:00 0                          [stack:6818]
7f4dc84fc000-7f4dc84fd000 ---p 00000000 00:00 0 
7f4dc84fd000-7f4dc95fa000 rw-p 00000000 00:00 0                          [stack:6817]
7f4dc95fa000-7f4dc97ac000 r--s 01d30000 08:06 1186200                    /usr/lib/jvm/java-7-openjdk-amd64/jre/lib/rt.jar
7f4dc97ac000-7f4dcc000000 rw-p 00000000 00:00 0 
7f4dcc000000-7f4dcc021000 rw-p 00000000 00:00 0 
7f4dcc021000-7f4dd0000000 ---p 00000000 00:00 0 
7f4dd0008000-7f4dd0017000 r--s 000dd000 08:05 4849782                    /media/arcks/Work/Sdk/build-tools/22.0.1/lib/dx.jar
7f4dd0017000-7f4dd0018000 ---p 00000000 00:00 0 
7f4dd0018000-7f4dd0118000 rw-p 00000000 00:00 0                          [stack:6816]
7f4dd0118000-7f4dd0119000 ---p 00000000 00:00 0 
7f4dd0119000-7f4dd0219000 rw-p 00000000 00:00 0                          [stack:6815]
7f4dd0219000-7f4dd021a000 ---p 00000000 00:00 0 
7f4dd021a000-7f4dd031a000 rw-p 00000000 00:00 0                          [stack:6814]
7f4dd031a000-7f4dd031b000 ---p 00000000 00:00 0 
7f4dd031b000-7f4dd044e000 rw-p 00000000 00:00 0                          [stack:6813]
7f4dd044e000-7f4dd0571000 rw-p 00000000 00:00 0 
7f4dd0571000-7f4dd057c000 rw-p 00000000 00:00 0 
7f4dd057c000-7f4dd05c4000 rw-p 00000000 00:00 0 
7f4dd05c4000-7f4dd05f7000 rw-p 00000000 00:00 0 
7f4dd05f7000-7f4dd0719000 rw-p 00000000 00:00 0 
7f4dd0719000-7f4dd0791000 rw-p 00000000 00:00 0 
7f4dd0791000-7f4dd07c4000 rw-p 00000000 00:00 0 
7f4dd07c4000-7f4dd07c5000 rw-p 00000000 00:00 0 
7f4dd07c5000-7f4dd0a45000 rwxp 00000000 00:00 0 
7f4dd0a45000-7f4dd37c5000 rw-p 00000000 00:00 0 
7f4dd37c5000-7f4dd37cd000 r-xp 00000000 08:06 1186211                    /usr/lib/jvm/java-7-openjdk-amd64/jre/lib/amd64/libzip.so
7f4dd37cd000-7f4dd39cc000 ---p 00008000 08:06 1186211                    /usr/lib/jvm/java-7-openjdk-amd64/jre/lib/amd64/libzip.so
7f4dd39cc000-7f4dd39cd000 r--p 00007000 08:06 1186211                    /usr/lib/jvm/java-7-openjdk-amd64/jre/lib/amd64/libzip.so
7f4dd39cd000-7f4dd39ce000 rw-p 00008000 08:06 1186211                    /usr/lib/jvm/java-7-openjdk-amd64/jre/lib/amd64/libzip.so
7f4dd39ce000-7f4dd39d9000 r-xp 00000000 08:06 1051327                    /lib/x86_64-linux-gnu/libnss_files-2.19.so
7f4dd39d9000-7f4dd3bd8000 ---p 0000b000 08:06 1051327                    /lib/x86_64-linux-gnu/libnss_files-2.19.so
7f4dd3bd8000-7f4dd3bd9000 r--p 0000a000 08:06 1051327                    /lib/x86_64-linux-gnu/libnss_files-2.19.so
7f4dd3bd9000-7f4dd3bda000 rw-p 0000b000 08:06 1051327                    /lib/x86_64-linux-gnu/libnss_files-2.19.so
7f4dd3bda000-7f4dd3be5000 r-xp 00000000 08:06 1051337                    /lib/x86_64-linux-gnu/libnss_nis-2.19.so
7f4dd3be5000-7f4dd3de4000 ---p 0000b000 08:06 1051337                    /lib/x86_64-linux-gnu/libnss_nis-2.19.so
7f4dd3de4000-7f4dd3de5000 r--p 0000a000 08:06 1051337                    /lib/x86_64-linux-gnu/libnss_nis-2.19.so
7f4dd3de5000-7f4dd3de6000 rw-p 0000b000 08:06 1051337                    /lib/x86_64-linux-gnu/libnss_nis-2.19.so
7f4dd3de6000-7f4dd3dfd000 r-xp 00000000 08:06 1051321                    /lib/x86_64-linux-gnu/libnsl-2.19.so
7f4dd3dfd000-7f4dd3ffc000 ---p 00017000 08:06 1051321                    /lib/x86_64-linux-gnu/libnsl-2.19.so
7f4dd3ffc000-7f4dd3ffd000 r--p 00016000 08:06 1051321                    /lib/x86_64-linux-gnu/libnsl-2.19.so
7f4dd3ffd000-7f4dd3ffe000 rw-p 00017000 08:06 1051321                    /lib/x86_64-linux-gnu/libnsl-2.19.so
7f4dd3ffe000-7f4dd4000000 rw-p 00000000 00:00 0 
7f4dd4000000-7f4dd420d000 rw-p 00000000 00:00 0 
7f4dd420d000-7f4dd8000000 ---p 00000000 00:00 0 
7f4dd800a000-7f4dd800e000 r--s 00085000 08:06 1186192                    /usr/lib/jvm/java-7-openjdk-amd64/jre/lib/ext/localedata.jar
7f4dd800e000-7f4dd8041000 rw-p 00000000 00:00 0 
7f4dd8041000-7f4dd8089000 rw-p 00000000 00:00 0 
7f4dd8089000-7f4dd8092000 r-xp 00000000 08:06 1051323                    /lib/x86_64-linux-gnu/libnss_compat-2.19.so
7f4dd8092000-7f4dd8291000 ---p 00009000 08:06 1051323                    /lib/x86_64-linux-gnu/libnss_compat-2.19.so
7f4dd8291000-7f4dd8292000 r--p 00008000 08:06 1051323                    /lib/x86_64-linux-gnu/libnss_compat-2.19.so
7f4dd8292000-7f4dd8293000 rw-p 00009000 08:06 1051323                    /lib/x86_64-linux-gnu/libnss_compat-2.19.so
7f4dd8293000-7f4dd82be000 r-xp 00000000 08:06 1186219                    /usr/lib/jvm/java-7-openjdk-amd64/jre/lib/amd64/libjava.so
7f4dd82be000-7f4dd84be000 ---p 0002b000 08:06 1186219                    /usr/lib/jvm/java-7-openjdk-amd64/jre/lib/amd64/libjava.so
7f4dd84be000-7f4dd84bf000 r--p 0002b000 08:06 1186219                    /usr/lib/jvm/java-7-openjdk-amd64/jre/lib/amd64/libjava.so
7f4dd84bf000-7f4dd84c1000 rw-p 0002c000 08:06 1186219                    /usr/lib/jvm/java-7-openjdk-amd64/jre/lib/amd64/libjava.so
7f4dd84c1000-7f4dd84d1000 r-xp 00000000 08:06 1186235                    /usr/lib/jvm/java-7-openjdk-amd64/jre/lib/amd64/libverify.so
7f4dd84d1000-7f4dd86d0000 ---p 00010000 08:06 1186235                    /usr/lib/jvm/java-7-openjdk-amd64/jre/lib/amd64/libverify.so
7f4dd86d0000-7f4dd86d2000 r--p 0000f000 08:06 1186235                    /usr/lib/jvm/java-7-openjdk-amd64/jre/lib/amd64/libverify.so
7f4dd86d2000-7f4dd86d3000 rw-p 00011000 08:06 1186235                    /usr/lib/jvm/java-7-openjdk-amd64/jre/lib/amd64/libverify.so
7f4dd86d3000-7f4dd86da000 r-xp 00000000 08:06 1051380                    /lib/x86_64-linux-gnu/librt-2.19.so
7f4dd86da000-7f4dd88d9000 ---p 00007000 08:06 1051380                    /lib/x86_64-linux-gnu/librt-2.19.so
7f4dd88d9000-7f4dd88da000 r--p 00006000 08:06 1051380                    /lib/x86_64-linux-gnu/librt-2.19.so
7f4dd88da000-7f4dd88db000 rw-p 00007000 08:06 1051380                    /lib/x86_64-linux-gnu/librt-2.19.so
7f4dd88db000-7f4dd88f1000 r-xp 00000000 08:06 1051279                    /lib/x86_64-linux-gnu/libgcc_s.so.1
7f4dd88f1000-7f4dd8af0000 ---p 00016000 08:06 1051279                    /lib/x86_64-linux-gnu/libgcc_s.so.1
7f4dd8af0000-7f4dd8af1000 rw-p 00015000 08:06 1051279                    /lib/x86_64-linux-gnu/libgcc_s.so.1
7f4dd8af1000-7f4dd8bf6000 r-xp 00000000 08:06 1051302                    /lib/x86_64-linux-gnu/libm-2.19.so
7f4dd8bf6000-7f4dd8df5000 ---p 00105000 08:06 1051302                    /lib/x86_64-linux-gnu/libm-2.19.so
7f4dd8df5000-7f4dd8df6000 r--p 00104000 08:06 1051302                    /lib/x86_64-linux-gnu/libm-2.19.so
7f4dd8df6000-7f4dd8df7000 rw-p 00105000 08:06 1051302                    /lib/x86_64-linux-gnu/libm-2.19.so
7f4dd8df7000-7f4dd8edd000 r-xp 00000000 08:06 927592                     /usr/lib/x86_64-linux-gnu/libstdc++.so.6.0.19
7f4dd8edd000-7f4dd90dc000 ---p 000e6000 08:06 927592                     /usr/lib/x86_64-linux-gnu/libstdc++.so.6.0.19
7f4dd90dc000-7f4dd90e4000 r--p 000e5000 08:06 927592                     /usr/lib/x86_64-linux-gnu/libstdc++.so.6.0.19
7f4dd90e4000-7f4dd90e6000 rw-p 000ed000 08:06 927592                     /usr/lib/x86_64-linux-gnu/libstdc++.so.6.0.19
7f4dd90e6000-7f4dd90fb000 rw-p 00000000 00:00 0 
7f4dd90fb000-7f4dd9c1f000 r-xp 00000000 08:06 1186226                    /usr/lib/jvm/java-7-openjdk-amd64/jre/lib/amd64/server/libjvm.so
7f4dd9c1f000-7f4dd9e1e000 ---p 00b24000 08:06 1186226                    /usr/lib/jvm/java-7-openjdk-amd64/jre/lib/amd64/server/libjvm.so
7f4dd9e1e000-7f4dd9eb8000 r--p 00b23000 08:06 1186226                    /usr/lib/jvm/java-7-openjdk-amd64/jre/lib/amd64/server/libjvm.so
7f4dd9eb8000-7f4dd9edb000 rw-p 00bbd000 08:06 1186226                    /usr/lib/jvm/java-7-openjdk-amd64/jre/lib/amd64/server/libjvm.so
7f4dd9edb000-7f4dd9f09000 rw-p 00000000 00:00 0 
7f4dd9f09000-7f4dd9f21000 r-xp 00000000 08:06 1051415                    /lib/x86_64-linux-gnu/libz.so.1.2.8
7f4dd9f21000-7f4dda120000 ---p 00018000 08:06 1051415                    /lib/x86_64-linux-gnu/libz.so.1.2.8
7f4dda120000-7f4dda121000 r--p 00017000 08:06 1051415                    /lib/x86_64-linux-gnu/libz.so.1.2.8
7f4dda121000-7f4dda122000 rw-p 00018000 08:06 1051415                    /lib/x86_64-linux-gnu/libz.so.1.2.8
7f4dda122000-7f4dda13b000 r-xp 00000000 08:06 1051372                    /lib/x86_64-linux-gnu/libpthread-2.19.so
7f4dda13b000-7f4dda33a000 ---p 00019000 08:06 1051372                    /lib/x86_64-linux-gnu/libpthread-2.19.so
7f4dda33a000-7f4dda33b000 r--p 00018000 08:06 1051372                    /lib/x86_64-linux-gnu/libpthread-2.19.so
7f4dda33b000-7f4dda33c000 rw-p 00019000 08:06 1051372                    /lib/x86_64-linux-gnu/libpthread-2.19.so
7f4dda33c000-7f4dda340000 rw-p 00000000 00:00 0 
7f4dda340000-7f4dda343000 r-xp 00000000 08:06 1051269                    /lib/x86_64-linux-gnu/libdl-2.19.so
7f4dda343000-7f4dda542000 ---p 00003000 08:06 1051269                    /lib/x86_64-linux-gnu/libdl-2.19.so
7f4dda542000-7f4dda543000 r--p 00002000 08:06 1051269                    /lib/x86_64-linux-gnu/libdl-2.19.so
7f4dda543000-7f4dda544000 rw-p 00003000 08:06 1051269                    /lib/x86_64-linux-gnu/libdl-2.19.so
7f4dda544000-7f4dda6ff000 r-xp 00000000 08:06 1051252                    /lib/x86_64-linux-gnu/libc-2.19.so
7f4dda6ff000-7f4dda8fe000 ---p 001bb000 08:06 1051252                    /lib/x86_64-linux-gnu/libc-2.19.so
7f4dda8fe000-7f4dda902000 r--p 001ba000 08:06 1051252                    /lib/x86_64-linux-gnu/libc-2.19.so
7f4dda902000-7f4dda904000 rw-p 001be000 08:06 1051252                    /lib/x86_64-linux-gnu/libc-2.19.so
7f4dda904000-7f4dda909000 rw-p 00000000 00:00 0 
7f4dda909000-7f4dda916000 r-xp 00000000 08:06 1186237                    /usr/lib/jvm/java-7-openjdk-amd64/jre/lib/amd64/jli/libjli.so
7f4dda916000-7f4ddab15000 ---p 0000d000 08:06 1186237                    /usr/lib/jvm/java-7-openjdk-amd64/jre/lib/amd64/jli/libjli.so
7f4ddab15000-7f4ddab16000 r--p 0000c000 08:06 1186237                    /usr/lib/jvm/java-7-openjdk-amd64/jre/lib/amd64/jli/libjli.so
7f4ddab16000-7f4ddab17000 rw-p 0000d000 08:06 1186237                    /usr/lib/jvm/java-7-openjdk-amd64/jre/lib/amd64/jli/libjli.so
7f4ddab17000-7f4ddab3a000 r-xp 00000000 08:06 1051228                    /lib/x86_64-linux-gnu/ld-2.19.so
7f4ddab3d000-7f4ddab5f000 rw-p 00000000 00:00 0 
7f4ddab5f000-7f4ddac15000 rw-p 00000000 00:00 0 
7f4ddac15000-7f4ddac18000 ---p 00000000 00:00 0 
7f4ddac18000-7f4ddad1b000 rw-p 00000000 00:00 0                          [stack:6812]
7f4ddad1c000-7f4ddad1d000 rw-p 00000000 00:00 0 
7f4ddad1d000-7f4ddad21000 r--s 0003c000 08:06 1186195                    /usr/lib/jvm/java-7-openjdk-amd64/jre/lib/ext/sunpkcs11.jar
7f4ddad21000-7f4ddad25000 r--s 00034000 08:06 1186194                    /usr/lib/jvm/java-7-openjdk-amd64/jre/lib/ext/sunjce_provider.jar
7f4ddad25000-7f4ddad27000 r--s 00012000 08:06 1186191                    /usr/lib/jvm/java-7-openjdk-amd64/jre/lib/ext/zipfs.jar
7f4ddad27000-7f4ddad2a000 r--s 0000f000 08:06 1186193                    /usr/lib/jvm/java-7-openjdk-amd64/jre/lib/ext/icedtea-sound.jar
7f4ddad2a000-7f4ddad2c000 r--s 00006000 08:06 145212                     /usr/share/java/java-atk-wrapper.jar
7f4ddad2c000-7f4ddad2d000 r--s 00002000 08:06 1186196                    /usr/lib/jvm/java-7-openjdk-amd64/jre/lib/ext/dnsns.jar
7f4ddad2d000-7f4ddad35000 rw-s 00000000 08:06 1067843                    /tmp/hsperfdata_arcks/6807
7f4ddad35000-7f4ddad36000 rw-p 00000000 00:00 0 
7f4ddad36000-7f4ddad37000 ---p 00000000 00:00 0 
7f4ddad37000-7f4ddad39000 rw-p 00000000 00:00 0 
7f4ddad39000-7f4ddad3a000 r--p 00022000 08:06 1051228                    /lib/x86_64-linux-gnu/ld-2.19.so
7f4ddad3a000-7f4ddad3b000 rw-p 00023000 08:06 1051228                    /lib/x86_64-linux-gnu/ld-2.19.so
7f4ddad3b000-7f4ddad3c000 rw-p 00000000 00:00 0 
7fff719ac000-7fff719cd000 rw-p 00000000 00:00 0                          [stack]
7fff719e8000-7fff719ea000 r--p 00000000 00:00 0                          [vvar]
7fff719ea000-7fff719ec000 r-xp 00000000 00:00 0                          [vdso]
ffffffffff600000-ffffffffff601000 r-xp 00000000 00:00 0                  [vsyscall]

VM Arguments:
jvm_args: -Xmx1024M -Dfile.encoding=UTF-8 -Duser.country=IN -Duser.language=en -Duser.variant 
java_command: com.android.dx.command.Main --dex --output /home/arcks/Documents/moovo/app/build/intermediates/pre-dexed/debug/classes-03a1f62fe49489bb41391f541ceb4ef5f7dbb54d.jar /home/arcks/Documents/moovo/app/build/intermediates/exploded-aar/com.google.android.gms/play-services-analytics/7.8.0/jars/classes.jar
Launcher Type: SUN_STANDARD

Environment Variables:
PATH=/usr/local/sbin:/usr/local/bin:/usr/sbin:/usr/bin:/sbin:/bin:/usr/games:/usr/local/games
LD_LIBRARY_PATH=.:
SHELL=/bin/bash
DISPLAY=:0

Signal Handlers:
SIGSEGV: [libjvm.so+0x954820], sa_mask[0]=0x7ffbfeff, sa_flags=0x10000004
SIGBUS: [libjvm.so+0x954820], sa_mask[0]=0x7ffbfeff, sa_flags=0x10000004
SIGFPE: [libjvm.so+0x7cb150], sa_mask[0]=0x7ffbfeff, sa_flags=0x10000004
SIGPIPE: [libjvm.so+0x7cb150], sa_mask[0]=0x7ffbfeff, sa_flags=0x10000004
SIGXFSZ: [libjvm.so+0x7cb150], sa_mask[0]=0x7ffbfeff, sa_flags=0x10000004
SIGILL: [libjvm.so+0x7cb150], sa_mask[0]=0x7ffbfeff, sa_flags=0x10000004
